mode: set
github.com/arioki1/alterra-agmc/day4/controllers/bookController.go:15.48,20.2 1 1
github.com/arioki1/alterra-agmc/day4/controllers/bookController.go:22.50,24.38 2 0
github.com/arioki1/alterra-agmc/day4/controllers/bookController.go:30.2,35.42 5 0
github.com/arioki1/alterra-agmc/day4/controllers/bookController.go:42.2,47.4 2 0
github.com/arioki1/alterra-agmc/day4/controllers/bookController.go:24.38,29.3 1 0
github.com/arioki1/alterra-agmc/day4/controllers/bookController.go:35.42,40.3 1 0
github.com/arioki1/alterra-agmc/day4/controllers/bookController.go:50.51,53.16 3 0
github.com/arioki1/alterra-agmc/day4/controllers/bookController.go:60.2,60.29 1 0
github.com/arioki1/alterra-agmc/day4/controllers/bookController.go:69.2,72.4 1 0
github.com/arioki1/alterra-agmc/day4/controllers/bookController.go:53.16,58.3 1 0
github.com/arioki1/alterra-agmc/day4/controllers/bookController.go:60.29,61.20 1 0
github.com/arioki1/alterra-agmc/day4/controllers/bookController.go:61.20,66.4 1 0
github.com/arioki1/alterra-agmc/day4/controllers/bookController.go:75.54,78.16 3 0
github.com/arioki1/alterra-agmc/day4/controllers/bookController.go:85.2,86.38 2 0
github.com/arioki1/alterra-agmc/day4/controllers/bookController.go:93.2,93.26 1 0
github.com/arioki1/alterra-agmc/day4/controllers/bookController.go:114.2,117.4 1 0
github.com/arioki1/alterra-agmc/day4/controllers/bookController.go:78.16,83.3 1 0
github.com/arioki1/alterra-agmc/day4/controllers/bookController.go:86.38,91.3 1 0
github.com/arioki1/alterra-agmc/day4/controllers/bookController.go:93.26,94.17 1 0
github.com/arioki1/alterra-agmc/day4/controllers/bookController.go:94.17,95.24 1 0
github.com/arioki1/alterra-agmc/day4/controllers/bookController.go:98.4,98.23 1 0
github.com/arioki1/alterra-agmc/day4/controllers/bookController.go:101.4,101.25 1 0
github.com/arioki1/alterra-agmc/day4/controllers/bookController.go:105.4,110.6 2 0
github.com/arioki1/alterra-agmc/day4/controllers/bookController.go:95.24,97.5 1 0
github.com/arioki1/alterra-agmc/day4/controllers/bookController.go:98.23,100.5 1 0
github.com/arioki1/alterra-agmc/day4/controllers/bookController.go:101.25,103.5 1 0
github.com/arioki1/alterra-agmc/day4/controllers/bookController.go:120.54,123.16 3 0
github.com/arioki1/alterra-agmc/day4/controllers/bookController.go:130.2,130.29 1 0
github.com/arioki1/alterra-agmc/day4/controllers/bookController.go:140.2,143.4 1 0
github.com/arioki1/alterra-agmc/day4/controllers/bookController.go:123.16,128.3 1 0
github.com/arioki1/alterra-agmc/day4/controllers/bookController.go:130.29,131.20 1 0
github.com/arioki1/alterra-agmc/day4/controllers/bookController.go:131.20,137.4 2 0
github.com/arioki1/alterra-agmc/day4/controllers/userController.go:13.47,16.14 2 1
github.com/arioki1/alterra-agmc/day4/controllers/userController.go:19.2,22.4 1 1
github.com/arioki1/alterra-agmc/day4/controllers/userController.go:16.14,18.3 1 1
github.com/arioki1/alterra-agmc/day4/controllers/userController.go:25.50,27.38 2 1
github.com/arioki1/alterra-agmc/day4/controllers/userController.go:34.2,34.42 1 1
github.com/arioki1/alterra-agmc/day4/controllers/userController.go:41.2,42.14 2 1
github.com/arioki1/alterra-agmc/day4/controllers/userController.go:45.2,48.4 1 1
github.com/arioki1/alterra-agmc/day4/controllers/userController.go:27.38,32.3 1 0
github.com/arioki1/alterra-agmc/day4/controllers/userController.go:34.42,39.3 1 1
github.com/arioki1/alterra-agmc/day4/controllers/userController.go:42.14,44.3 1 0
github.com/arioki1/alterra-agmc/day4/controllers/userController.go:51.51,54.16 3 1
github.com/arioki1/alterra-agmc/day4/controllers/userController.go:61.2,62.14 2 1
github.com/arioki1/alterra-agmc/day4/controllers/userController.go:75.2,78.4 1 1
github.com/arioki1/alterra-agmc/day4/controllers/userController.go:54.16,59.3 1 0
github.com/arioki1/alterra-agmc/day4/controllers/userController.go:62.14,63.38 1 1
github.com/arioki1/alterra-agmc/day4/controllers/userController.go:63.38,68.4 1 1
github.com/arioki1/alterra-agmc/day4/controllers/userController.go:68.9,73.4 1 0
github.com/arioki1/alterra-agmc/day4/controllers/userController.go:81.54,84.16 3 1
github.com/arioki1/alterra-agmc/day4/controllers/userController.go:91.2,91.24 1 1
github.com/arioki1/alterra-agmc/day4/controllers/userController.go:98.2,99.38 2 1
github.com/arioki1/alterra-agmc/day4/controllers/userController.go:105.2,112.14 7 1
github.com/arioki1/alterra-agmc/day4/controllers/userController.go:119.2,122.4 1 1
github.com/arioki1/alterra-agmc/day4/controllers/userController.go:84.16,89.3 1 0
github.com/arioki1/alterra-agmc/day4/controllers/userController.go:91.24,96.3 1 1
github.com/arioki1/alterra-agmc/day4/controllers/userController.go:99.38,104.3 1 0
github.com/arioki1/alterra-agmc/day4/controllers/userController.go:112.14,117.3 1 1
github.com/arioki1/alterra-agmc/day4/controllers/userController.go:125.54,128.16 3 1
github.com/arioki1/alterra-agmc/day4/controllers/userController.go:135.2,135.24 1 1
github.com/arioki1/alterra-agmc/day4/controllers/userController.go:142.2,142.45 1 1
github.com/arioki1/alterra-agmc/day4/controllers/userController.go:149.2,152.4 1 1
github.com/arioki1/alterra-agmc/day4/controllers/userController.go:128.16,133.3 1 0
github.com/arioki1/alterra-agmc/day4/controllers/userController.go:135.24,140.3 1 1
github.com/arioki1/alterra-agmc/day4/controllers/userController.go:142.45,147.3 1 1
github.com/arioki1/alterra-agmc/day4/controllers/userController.go:155.50,160.14 4 1
github.com/arioki1/alterra-agmc/day4/controllers/userController.go:167.2,171.4 2 1
github.com/arioki1/alterra-agmc/day4/controllers/userController.go:160.14,161.38 1 1
github.com/arioki1/alterra-agmc/day4/controllers/userController.go:161.38,163.4 1 1
github.com/arioki1/alterra-agmc/day4/controllers/userController.go:163.9,165.4 1 0
github.com/arioki1/alterra-agmc/day4/controllers/userController.go:175.36,178.19 3 1
github.com/arioki1/alterra-agmc/day4/controllers/userController.go:184.2,184.11 1 1
github.com/arioki1/alterra-agmc/day4/controllers/userController.go:178.19,180.17 2 1
github.com/arioki1/alterra-agmc/day4/controllers/userController.go:180.17,182.4 1 1
